1185059227
1185062861
1185066463
1185070085
1185073725
1185077298
1185080852
1185084451
1185088057
1185091794
1185095200
1185098883
1185102547
1185105991
1185109575
1185113167
1185116771
1185120366
1185123971
1185127578
1185131179
1185134773
1185138421
1185142030
1185145577
1185149234
1185152883
1185156505
1185160124
1185163718
1185167288
1185170830
1185174466
1185178033
1185181623
1185185231
1185188878
1185192390
1185196081
1185199625
1185203276
1185206832
1185210419
1185214040
1185217645
1185221278
1185224856
1185228400
1185232052
1185235659
1185239258
1185242856
1185246459
1185250103
1185253649
1185257242
1185260891
1185264401
1185267991
1185271616
1185275219
1185278807
1185282501
1185286026
1185289658
1185293221
1185296824
1185300449
1185304030
1185307610
1185311259
1185314845
1185318442
1185322037
1185325645
1185329231
1185332908
1185336588
1185340070
1185343678
1185347252
1185350891
1185354421
1185358036
1185361630
1185365214
1185368872
1185372421
1185376045
1185379620
1185383264
1185386824
1185390454
1185394059
1185397683
1185401243
1185404836
1185408432
1185412049
1185415649
1185419256
1185422897
1185426481
1185430044
1185433709
1185437275
1185440819
1185444462
1185448036
1185451588
1185455251
1185458828
1185462419
1185466047
1185473243
1185476848
1185480449
1185484097
1185487643
1185491227
1185494840
1185498443
1185502028
1185505641
1185509370
1185512862
1185516475
1185520180
1185523783
1185527231
1185530863
1185534375
1185537978
1185541706
1185545232
1185548832
1185552424
1185556004
1185559629
1185563239
1185566848
1185570434
1185574045
1185577648
1185581228
1185584834
1185588428
1185592054
1185595694
1185599259
1185602857
1185606477
1185610110
1185613636
1185617165
1185620849
1185624426
1185627981
1185631642
1185635226
1185638815
1185642404
1185645983
1185649604
1185653221
1185656835
1185660427
1185664032
1185667630
1185671240
1185674855
1185678474
1185682150
1185685692
1185689253
1185692880
1185696508
1185700051
1185703732
1185710822
1185714446
1185717957
1185721596
1185725231
1185728817
1185732406
1185736008
1185739630
1185743243
1185746823
1185750404
1185753981
1185757651
1185761231
1185764885
1185768551
1185772068
1185775663
1185779277
1185782850
1185786415
1185789989
1185793626
1185797194
1185800873
1185804404
1185808051
1185811646
1185815234
1185818830
1185822430
1185826041
1185829648
1185833273
1185836827
1185840425
1185844031
1185847633
1185851288
1185858471
1185862063
1185865702
1185869231
1185872795
1185876423
1185880014
1185883589
1185887275
1185890858
1185894432
1185898050
1185901652
1185905258
1185908864
1185912448
1185916087
1185919629
1185923239
1185926849
1185930484
1185934078
1185937676
1185941374
1185944848
1185948433
1185955750
1185959199
1185962787
1185966394
1185970080
1185973690
1185977196
1185980867
1185984426
1185988031
1185991619
1185995273
1185998831
1186002428
1186006031
1186009676
1186013226
1186016841
1186020439
1186024060
1186027766
1186031276
1186034874
1186038495
1186042018
1186045630
1186049192
1186052801
1186056381
1186060059
1186063617
1186067206
1186070821
1186074400
1186078038
1186081630
1186085224
1186088861
1186092431
1186096042
1186099625
1186103253
1186106890
1186110471
1186114118
1186117664
1186121246
1186124873
1186128418
1186131973
1186135664
1186139206
1186142858
1186146416
1186150012
1186153633
1186157219
1186160758
1186164434
1186168060
1186171614
1186175188
1186178787
1186182407
1186185998
1186189555
1186193205
1186196836
1186200518
1186204055
1186207674
1186211253
1186214802
1186218402
1186222049
1186225656
1186229228
1186232780
1186236406
1186239974
1186243621
1186247182
1186250844
1186254426
1186258024
1186261570
1186265234
1186268855
1186272424
1186276024
1186279637
1186283263
1186286953
1186290468
1186294080
1186297652
1186301312
1186304883
1186308415
1186312141
1186319236
1186322777
1186326413
1186330020
1186333554
1186337191
1186340809
1186344407
1186347983
1186351622
1186355226
1186358807
1186362434
1186366024
1186369644
1186373304
1186376868
1186380439
1186384084
1186387617
1186391217
1186394799
1186398446
1186402004
1186405613
1186409216
1186412771
1186416415
1186420014
1186423607
1186427241
1186430843
1186434436
1186438040
1186441643
1186445202
1186448833
1186452465
1186456059
1186463284
1186466889
1186470460
1186473976
1186477601
1186481165
1186484843
1186488410
1186492044
1186495600
1186499165
1186502813
1186506397
1186510013
1186513629
1186517239
1186520787
1186524422
1186527992
1186531561
1186535181
1186538776
1186542415
1186546080
1186549695
1186553273
1186556903
1186560410
1186564032
1186567592
1186571228
1186574839
1186578454
1186582066
1186585652
1186589223
1186592829
1186596429
1186600028
1186603626
1186607213
1186610848
1186614427
1186618010
1186621631
1186625233
1186628869
1186632489
1186636055
1186639643
1186643247
1186646855
1186650428
1186654005
1186657598
1186661237
1186664833
1186668350
1186672024
1186675639
1186679231
1186682861
1186686376
1186690017
1186693623
1186697230
1186700864
1186704427
1186708040
1186711627
